### Init Log ###
*********** Selected from File UT.STN11.WGHS_BigX.miniseed+File UT.STN12.WGHS_BigX.miniseed+File UT.STN14.WGHS_BigX.miniseed+File UT.STN15.WGHS_BigX.miniseed+File UT.STN16.WGHS_BigX.miniseed+File UT.STN17.WGHS_BigX.miniseed+File UT.STN18.WGHS_BigX.miniseed+File UT.STN19.WGHS_BigX.miniseed+File UT.STN20.WGHS_BigX.miniseed ***********
Add signal id 2 to component Vertical of station UT_STN11 at 10.1863 77.5902 0
Add signal id 1 to component North of station UT_STN11 at 10.1863 77.5902 0
Add signal id 3 to component East of station UT_STN11 at 10.1863 77.5902 0
Add signal id 6 to component Vertical of station UT_STN12 at 25.4836 60.8366 0
Add signal id 5 to component North of station UT_STN12 at 25.4836 60.8366 0
Add signal id 4 to component East of station UT_STN12 at 25.4836 60.8366 0
Add signal id 8 to component Vertical of station UT_STN14 at 35.6565 40.936 0
Add signal id 7 to component North of station UT_STN14 at 35.6565 40.936 0
Add signal id 9 to component East of station UT_STN14 at 35.6565 40.936 0
Add signal id 11 to component Vertical of station UT_STN15 at 46.0382 19.0089 0
Add signal id 10 to component North of station UT_STN15 at 46.0382 19.0089 0
Add signal id 12 to component East of station UT_STN15 at 46.0382 19.0089 0
Add signal id 15 to component Vertical of station UT_STN16 at 0 0 0
Add signal id 14 to component North of station UT_STN16 at 0 0 0
Add signal id 13 to component East of station UT_STN16 at 0 0 0
Add signal id 16 to component Vertical of station UT_STN17 at -48.4027 41.0339 0
Add signal id 18 to component North of station UT_STN17 at -48.4027 41.0339 0
Add signal id 17 to component East of station UT_STN17 at -48.4027 41.0339 0
Add signal id 19 to component Vertical of station UT_STN18 at -0.27595 104.003 0
Add signal id 21 to component North of station UT_STN18 at -0.27595 104.003 0
Add signal id 20 to component East of station UT_STN18 at -0.27595 104.003 0
Add signal id 24 to component Vertical of station UT_STN19 at 0.802522 55.0838 0
Add signal id 22 to component North of station UT_STN19 at 0.802522 55.0838 0
Add signal id 23 to component East of station UT_STN19 at 0.802522 55.0838 0
Add signal id 25 to component Vertical of station UT_STN20 at -35.2386 84.9911 0
Add signal id 26 to component North of station UT_STN20 at -35.2386 84.9911 0
Add signal id 27 to component East of station UT_STN20 at -35.2386 84.9911 0
Found 9 different stations
Found 36 couples
### End Init Log ###
### Parameters ###
WINDOW MIN LENGTH (s) = 120
WINDOW MAX LENGTH (s) = 50
WINDOW LENGTH TYPE (at least/exactly/freq. dep.) = exactly
DO BAD SAMPLE TOLERANCE (y/n) = n
BAD SAMPLE TOLERANCE (s) = 0
DO WINDOW OVERLAP (y/n) = n
WINDOW OVERLAP (%) = 5
DO BAD SAMPLE THRESHOLD (y/n) = n
BAD SAMPLE THRESHOLD (%) = 99
ANTI-TRIGGERING ON RAW SIGNAL (y/n) = n
USED RAW COMPONENTS = y, y, y, n, y, y, y, y, y, y, y, y, y
RAW STA (s) = 1
RAW LTA (s) = 30
RAW MIN SLTA = 0.2
RAW MAX SLTA = 2.5
MINIMUM FREQUENCY = 1
MAXIMUM FREQUENCY = 30
INVERSED FREQUENCY = n
SAMPLES NUMBER FREQUENCY = 30
SAMPLING TYPE FREQUENCY (0=log, 1=linear)= 0
FROM TIME TYPE = 1
FROM TIME TEXT = 23h15m
TO TIME TYPE = 1
TO TIME TEXT = 23h59m0.0100s
OUTPUT TARGET FILE = n
OUTPUT STMAP FILE = n
OUTPUT MAX FILE = y
OUTPUT FILE = D:/CurrentResearch/swprocess/examples/mam/data/spac/nz_wghs_bigx_spac
### End Parameters ###
### Process Log ###
 --- Ring (22.35 m, 28.41 m)
UT_STN12-UT_STN19 azimuth=13.1206 weight=40.2438
UT_STN11-UT_STN19 azimuth=67.3669 weight=49.2439
UT_STN11-UT_STN18 azimuth=111.608 weight=23.9845
UT_STN14-UT_STN15 azimuth=115.336 weight=2.73351
UT_STN12-UT_STN14 azimuth=117.075 weight=8.53122
UT_STN11-UT_STN12 azimuth=132.398 weight=55.2631
Total weight=180
 --- Ring (44.63 m, 51.18 m)
UT_STN17-UT_STN19 azimuth=15.936 weight=19.1857
UT_STN15-UT_STN16 azimuth=22.4354 weight=28.6962
UT_STN17-UT_STN20 azimuth=73.3284 weight=34.4138
UT_STN18-UT_STN19 azimuth=91.2629 weight=21.4208
UT_STN12-UT_STN15 azimuth=116.17 weight=14.7817
UT_STN12-UT_STN18 azimuth=120.826 weight=4.31225
UT_STN11-UT_STN14 azimuth=124.795 weight=9.74373
UT_STN19-UT_STN20 azimuth=140.314 weight=22.9759
UT_STN11-UT_STN20 azimuth=170.746 weight=24.4699
Total weight=180
 --- Ring (63.45 m, 69.06 m)
UT_STN11-UT_STN17 azimuth=31.9619 weight=49.6169
UT_STN12-UT_STN16 azimuth=67.2719 weight=44.7524
UT_STN11-UT_STN15 azimuth=121.467 weight=36.2191
UT_STN16-UT_STN17 azimuth=139.71 weight=18.4206
UT_STN12-UT_STN20 azimuth=158.308 weight=30.991
Total weight=180
 --- Ring (72.58 m, 84.06 m)
UT_STN12-UT_STN17 azimuth=15.0036 weight=33.8067
UT_STN17-UT_STN18 azimuth=52.6099 weight=33.7586
UT_STN11-UT_STN16 azimuth=82.5208 weight=33.5311
UT_STN14-UT_STN18 azimuth=119.672 weight=32.8109
UT_STN14-UT_STN20 azimuth=148.143 weight=30.1306
UT_STN14-UT_STN17 azimuth=179.933 weight=15.962
Total weight=180
Process started at 2021-01-27 15:17:18
Adding window from 83700 to 83820 s.
Adding window from 83820 to 83940 s.
Adding window from 83940 to 84060 s.
Adding window from 84060 to 84180 s.
Adding window from 84180 to 84300 s.
Adding window from 84300.1 to 84420.1 s.
Adding window from 84420.1 to 84540.1 s.
Adding window from 84540.1 to 84660.1 s.
Adding window from 84660.1 to 84780.1 s.
Adding window from 84780.1 to 84900.1 s.
Adding window from 84900.1 to 85020.1 s.
Adding window from 85020.1 to 85140.1 s.
Adding window from 85140.1 to 85260.1 s.
Adding window from 85260.1 to 85380.1 s.
Adding window from 85380.1 to 85500.1 s.
Adding window from 85500.1 to 85620.1 s.
Adding window from 85620.2 to 85740.2 s.
Adding window from 85740.2 to 85860.2 s.
Adding window from 85860.2 to 85980.2 s.
Adding window from 85980.2 to 86100.2 s.
Adding window from 86100.2 to 86220.2 s.
Frequency 1/30 30
Min Window length 120 seconds
Max Window length 120 seconds
 21 Time windows
Adding window from 83700 to 83820 s.
Adding window from 83820 to 83940 s.
Adding window from 83940 to 84060 s.
Adding window from 84060 to 84180 s.
Adding window from 84180 to 84300 s.
Adding window from 84300.1 to 84420.1 s.
Adding window from 84420.1 to 84540.1 s.
Adding window from 84540.1 to 84660.1 s.
Adding window from 84660.1 to 84780.1 s.
Adding window from 84780.1 to 84900.1 s.
Adding window from 84900.1 to 85020.1 s.
Adding window from 85020.1 to 85140.1 s.
Adding window from 85140.1 to 85260.1 s.
Adding window from 85260.1 to 85380.1 s.
Adding window from 85380.1 to 85500.1 s.
Adding window from 85500.1 to 85620.1 s.
Adding window from 85620.2 to 85740.2 s.
Adding window from 85740.2 to 85860.2 s.
Adding window from 85860.2 to 85980.2 s.
Adding window from 85980.2 to 86100.2 s.
Adding window from 86100.2 to 86220.2 s.
Frequency 2/30 26.68
Min Window length 120 seconds
Max Window length 120 seconds
 21 Time windows
Adding window from 83700 to 83820 s.
Adding window from 83820 to 83940 s.
Adding window from 83940 to 84060 s.
Adding window from 84060 to 84180 s.
Adding window from 84180 to 84300 s.
Adding window from 84300.1 to 84420.1 s.
Adding window from 84420.1 to 84540.1 s.
Adding window from 84540.1 to 84660.1 s.
Adding window from 84660.1 to 84780.1 s.
Adding window from 84780.1 to 84900.1 s.
Adding window from 84900.1 to 85020.1 s.
Adding window from 85020.1 to 85140.1 s.
Adding window from 85140.1 to 85260.1 s.
Adding window from 85260.1 to 85380.1 s.
Adding window from 85380.1 to 85500.1 s.
Adding window from 85500.1 to 85620.1 s.
Adding window from 85620.2 to 85740.2 s.
Adding window from 85740.2 to 85860.2 s.
Adding window from 85860.2 to 85980.2 s.
Adding window from 85980.2 to 86100.2 s.
Adding window from 86100.2 to 86220.2 s.
Frequency 3/30 23.7274
Min Window length 120 seconds
Max Window length 120 seconds
 21 Time windows
Adding window from 83700 to 83820 s.
Adding window from 83820 to 83940 s.
Adding window from 83940 to 84060 s.
Adding window from 84060 to 84180 s.
Adding window from 84180 to 84300 s.
Adding window from 84300.1 to 84420.1 s.
Adding window from 84420.1 to 84540.1 s.
Adding window from 84540.1 to 84660.1 s.
Adding window from 84660.1 to 84780.1 s.
Adding window from 84780.1 to 84900.1 s.
Adding window from 84900.1 to 85020.1 s.
Adding window from 85020.1 to 85140.1 s.
Adding window from 85140.1 to 85260.1 s.
Adding window from 85260.1 to 85380.1 s.
Adding window from 85380.1 to 85500.1 s.
Adding window from 85500.1 to 85620.1 s.
Adding window from 85620.2 to 85740.2 s.
Adding window from 85740.2 to 85860.2 s.
Adding window from 85860.2 to 85980.2 s.
Adding window from 85980.2 to 86100.2 s.
Adding window from 86100.2 to 86220.2 s.
Frequency 4/30 21.1016
Min Window length 120 seconds
Max Window length 120 seconds
 21 Time windows
Adding window from 83700 to 83820 s.
Adding window from 83820 to 83940 s.
Adding window from 83940 to 84060 s.
Adding window from 84060 to 84180 s.
Adding window from 84180 to 84300 s.
Adding window from 84300.1 to 84420.1 s.
Adding window from 84420.1 to 84540.1 s.
Adding window from 84540.1 to 84660.1 s.
Adding window from 84660.1 to 84780.1 s.
Adding window from 84780.1 to 84900.1 s.
Adding window from 84900.1 to 85020.1 s.
Adding window from 85020.1 to 85140.1 s.
Adding window from 85140.1 to 85260.1 s.
Adding window from 85260.1 to 85380.1 s.
Adding window from 85380.1 to 85500.1 s.
Adding window from 85500.1 to 85620.1 s.
Adding window from 85620.2 to 85740.2 s.
Adding window from 85740.2 to 85860.2 s.
Adding window from 85860.2 to 85980.2 s.
Adding window from 85980.2 to 86100.2 s.
Adding window from 86100.2 to 86220.2 s.
Frequency 5/30 18.7664
Min Window length 120 seconds
Max Window length 120 seconds
 21 Time windows
Adding window from 83700 to 83820 s.
Adding window from 83820 to 83940 s.
Adding window from 83940 to 84060 s.
Adding window from 84060 to 84180 s.
Adding window from 84180 to 84300 s.
Adding window from 84300.1 to 84420.1 s.
Adding window from 84420.1 to 84540.1 s.
Adding window from 84540.1 to 84660.1 s.
Adding window from 84660.1 to 84780.1 s.
Adding window from 84780.1 to 84900.1 s.
Adding window from 84900.1 to 85020.1 s.
Adding window from 85020.1 to 85140.1 s.
Adding window from 85140.1 to 85260.1 s.
Adding window from 85260.1 to 85380.1 s.
Adding window from 85380.1 to 85500.1 s.
Adding window from 85500.1 to 85620.1 s.
Adding window from 85620.2 to 85740.2 s.
Adding window from 85740.2 to 85860.2 s.
Adding window from 85860.2 to 85980.2 s.
Adding window from 85980.2 to 86100.2 s.
Adding window from 86100.2 to 86220.2 s.
Frequency 6/30 16.6896
Min Window length 120 seconds
Max Window length 120 seconds
 21 Time windows
Adding window from 83700 to 83820 s.
Adding window from 83820 to 83940 s.
Adding window from 83940 to 84060 s.
Adding window from 84060 to 84180 s.
Adding window from 84180 to 84300 s.
Adding window from 84300.1 to 84420.1 s.
Adding window from 84420.1 to 84540.1 s.
Adding window from 84540.1 to 84660.1 s.
Adding window from 84660.1 to 84780.1 s.
Adding window from 84780.1 to 84900.1 s.
Adding window from 84900.1 to 85020.1 s.
Adding window from 85020.1 to 85140.1 s.
Adding window from 85140.1 to 85260.1 s.
Adding window from 85260.1 to 85380.1 s.
Adding window from 85380.1 to 85500.1 s.
Adding window from 85500.1 to 85620.1 s.
Adding window from 85620.2 to 85740.2 s.
Adding window from 85740.2 to 85860.2 s.
Adding window from 85860.2 to 85980.2 s.
Adding window from 85980.2 to 86100.2 s.
Adding window from 86100.2 to 86220.2 s.
Frequency 7/30 14.8426
Min Window length 120 seconds
Max Window length 120 seconds
 21 Time windows
Adding window from 83700 to 83820 s.
Adding window from 83820 to 83940 s.
Adding window from 83940 to 84060 s.
Adding window from 84060 to 84180 s.
Adding window from 84180 to 84300 s.
Adding window from 84300.1 to 84420.1 s.
Adding window from 84420.1 to 84540.1 s.
Adding window from 84540.1 to 84660.1 s.
Adding window from 84660.1 to 84780.1 s.
Adding window from 84780.1 to 84900.1 s.
Adding window from 84900.1 to 85020.1 s.
Adding window from 85020.1 to 85140.1 s.
Adding window from 85140.1 to 85260.1 s.
Adding window from 85260.1 to 85380.1 s.
Adding window from 85380.1 to 85500.1 s.
Adding window from 85500.1 to 85620.1 s.
Adding window from 85620.2 to 85740.2 s.
Adding window from 85740.2 to 85860.2 s.
Adding window from 85860.2 to 85980.2 s.
Adding window from 85980.2 to 86100.2 s.
Adding window from 86100.2 to 86220.2 s.
Frequency 8/30 13.2
Min Window length 120 seconds
Max Window length 120 seconds
 21 Time windows
Adding window from 83700 to 83820 s.
Adding window from 83820 to 83940 s.
Adding window from 83940 to 84060 s.
Adding window from 84060 to 84180 s.
Adding window from 84180 to 84300 s.
Adding window from 84300.1 to 84420.1 s.
Adding window from 84420.1 to 84540.1 s.
Adding window from 84540.1 to 84660.1 s.
Adding window from 84660.1 to 84780.1 s.
Adding window from 84780.1 to 84900.1 s.
Adding window from 84900.1 to 85020.1 s.
Adding window from 85020.1 to 85140.1 s.
Adding window from 85140.1 to 85260.1 s.
Adding window from 85260.1 to 85380.1 s.
Adding window from 85380.1 to 85500.1 s.
Adding window from 85500.1 to 85620.1 s.
Adding window from 85620.2 to 85740.2 s.
Adding window from 85740.2 to 85860.2 s.
Adding window from 85860.2 to 85980.2 s.
Adding window from 85980.2 to 86100.2 s.
Adding window from 86100.2 to 86220.2 s.
Frequency 9/30 11.7392
Min Window length 120 seconds
Max Window length 120 seconds
 21 Time windows
Adding window from 83700 to 83820 s.
Adding window from 83820 to 83940 s.
Adding window from 83940 to 84060 s.
Adding window from 84060 to 84180 s.
Adding window from 84180 to 84300 s.
Adding window from 84300.1 to 84420.1 s.
Adding window from 84420.1 to 84540.1 s.
Adding window from 84540.1 to 84660.1 s.
Adding window from 84660.1 to 84780.1 s.
Adding window from 84780.1 to 84900.1 s.
Adding window from 84900.1 to 85020.1 s.
Adding window from 85020.1 to 85140.1 s.
Adding window from 85140.1 to 85260.1 s.
Adding window from 85260.1 to 85380.1 s.
Adding window from 85380.1 to 85500.1 s.
Adding window from 85500.1 to 85620.1 s.
Adding window from 85620.2 to 85740.2 s.
Adding window from 85740.2 to 85860.2 s.
Adding window from 85860.2 to 85980.2 s.
Adding window from 85980.2 to 86100.2 s.
Adding window from 86100.2 to 86220.2 s.
Frequency 10/30 10.4401
Min Window length 120 seconds
Max Window length 120 seconds
 21 Time windows
Adding window from 83700 to 83820 s.
Adding window from 83820 to 83940 s.
Adding window from 83940 to 84060 s.
Adding window from 84060 to 84180 s.
Adding window from 84180 to 84300 s.
Adding window from 84300.1 to 84420.1 s.
Adding window from 84420.1 to 84540.1 s.
Adding window from 84540.1 to 84660.1 s.
Adding window from 84660.1 to 84780.1 s.
Adding window from 84780.1 to 84900.1 s.
Adding window from 84900.1 to 85020.1 s.
Adding window from 85020.1 to 85140.1 s.
Adding window from 85140.1 to 85260.1 s.
Adding window from 85260.1 to 85380.1 s.
Adding window from 85380.1 to 85500.1 s.
Adding window from 85500.1 to 85620.1 s.
Adding window from 85620.2 to 85740.2 s.
Adding window from 85740.2 to 85860.2 s.
Adding window from 85860.2 to 85980.2 s.
Adding window from 85980.2 to 86100.2 s.
Adding window from 86100.2 to 86220.2 s.
Frequency 11/30 9.28473
Min Window length 120 seconds
Max Window length 120 seconds
 21 Time windows
Adding window from 83700 to 83820 s.
Adding window from 83820 to 83940 s.
Adding window from 83940 to 84060 s.
Adding window from 84060 to 84180 s.
Adding window from 84180 to 84300 s.
Adding window from 84300.1 to 84420.1 s.
Adding window from 84420.1 to 84540.1 s.
Adding window from 84540.1 to 84660.1 s.
Adding window from 84660.1 to 84780.1 s.
Adding window from 84780.1 to 84900.1 s.
Adding window from 84900.1 to 85020.1 s.
Adding window from 85020.1 to 85140.1 s.
Adding window from 85140.1 to 85260.1 s.
Adding window from 85260.1 to 85380.1 s.
Adding window from 85380.1 to 85500.1 s.
Adding window from 85500.1 to 85620.1 s.
Adding window from 85620.2 to 85740.2 s.
Adding window from 85740.2 to 85860.2 s.
Adding window from 85860.2 to 85980.2 s.
Adding window from 85980.2 to 86100.2 s.
Adding window from 86100.2 to 86220.2 s.
Frequency 12/30 8.25722
Min Window length 120 seconds
Max Window length 120 seconds
 21 Time windows
Adding window from 83700 to 83820 s.
Adding window from 83820 to 83940 s.
Adding window from 83940 to 84060 s.
Adding window from 84060 to 84180 s.
Adding window from 84180 to 84300 s.
Adding window from 84300.1 to 84420.1 s.
Adding window from 84420.1 to 84540.1 s.
Adding window from 84540.1 to 84660.1 s.
Adding window from 84660.1 to 84780.1 s.
Adding window from 84780.1 to 84900.1 s.
Adding window from 84900.1 to 85020.1 s.
Adding window from 85020.1 to 85140.1 s.
Adding window from 85140.1 to 85260.1 s.
Adding window from 85260.1 to 85380.1 s.
Adding window from 85380.1 to 85500.1 s.
Adding window from 85500.1 to 85620.1 s.
Adding window from 85620.2 to 85740.2 s.
Adding window from 85740.2 to 85860.2 s.
Adding window from 85860.2 to 85980.2 s.
Adding window from 85980.2 to 86100.2 s.
Adding window from 86100.2 to 86220.2 s.
Frequency 13/30 7.34343
Min Window length 120 seconds
Max Window length 120 seconds
 21 Time windows
Adding window from 83700 to 83820 s.
Adding window from 83820 to 83940 s.
Adding window from 83940 to 84060 s.
Adding window from 84060 to 84180 s.
Adding window from 84180 to 84300 s.
Adding window from 84300.1 to 84420.1 s.
Adding window from 84420.1 to 84540.1 s.
Adding window from 84540.1 to 84660.1 s.
Adding window from 84660.1 to 84780.1 s.
Adding window from 84780.1 to 84900.1 s.
Adding window from 84900.1 to 85020.1 s.
Adding window from 85020.1 to 85140.1 s.
Adding window from 85140.1 to 85260.1 s.
Adding window from 85260.1 to 85380.1 s.
Adding window from 85380.1 to 85500.1 s.
Adding window from 85500.1 to 85620.1 s.
Adding window from 85620.2 to 85740.2 s.
Adding window from 85740.2 to 85860.2 s.
Adding window from 85860.2 to 85980.2 s.
Adding window from 85980.2 to 86100.2 s.
Adding window from 86100.2 to 86220.2 s.
Frequency 14/30 6.53076
Min Window length 120 seconds
Max Window length 120 seconds
 21 Time windows
Adding window from 83700 to 83820 s.
Adding window from 83820 to 83940 s.
Adding window from 83940 to 84060 s.
Adding window from 84060 to 84180 s.
Adding window from 84180 to 84300 s.
Adding window from 84300.1 to 84420.1 s.
Adding window from 84420.1 to 84540.1 s.
Adding window from 84540.1 to 84660.1 s.
Adding window from 84660.1 to 84780.1 s.
Adding window from 84780.1 to 84900.1 s.
Adding window from 84900.1 to 85020.1 s.
Adding window from 85020.1 to 85140.1 s.
Adding window from 85140.1 to 85260.1 s.
Adding window from 85260.1 to 85380.1 s.
Adding window from 85380.1 to 85500.1 s.
Adding window from 85500.1 to 85620.1 s.
Adding window from 85620.2 to 85740.2 s.
Adding window from 85740.2 to 85860.2 s.
Adding window from 85860.2 to 85980.2 s.
Adding window from 85980.2 to 86100.2 s.
Adding window from 86100.2 to 86220.2 s.
Frequency 15/30 5.80802
Min Window length 120 seconds
Max Window length 120 seconds
 21 Time windows
Adding window from 83700 to 83820 s.
Adding window from 83820 to 83940 s.
Adding window from 83940 to 84060 s.
Adding window from 84060 to 84180 s.
Adding window from 84180 to 84300 s.
Adding window from 84300.1 to 84420.1 s.
Adding window from 84420.1 to 84540.1 s.
Adding window from 84540.1 to 84660.1 s.
Adding window from 84660.1 to 84780.1 s.
Adding window from 84780.1 to 84900.1 s.
Adding window from 84900.1 to 85020.1 s.
Adding window from 85020.1 to 85140.1 s.
Adding window from 85140.1 to 85260.1 s.
Adding window from 85260.1 to 85380.1 s.
Adding window from 85380.1 to 85500.1 s.
Adding window from 85500.1 to 85620.1 s.
Adding window from 85620.2 to 85740.2 s.
Adding window from 85740.2 to 85860.2 s.
Adding window from 85860.2 to 85980.2 s.
Adding window from 85980.2 to 86100.2 s.
Adding window from 86100.2 to 86220.2 s.
Frequency 16/30 5.16527
Min Window length 120 seconds
Max Window length 120 seconds
 21 Time windows
Adding window from 83700 to 83820 s.
Adding window from 83820 to 83940 s.
Adding window from 83940 to 84060 s.
Adding window from 84060 to 84180 s.
Adding window from 84180 to 84300 s.
Adding window from 84300.1 to 84420.1 s.
Adding window from 84420.1 to 84540.1 s.
Adding window from 84540.1 to 84660.1 s.
Adding window from 84660.1 to 84780.1 s.
Adding window from 84780.1 to 84900.1 s.
Adding window from 84900.1 to 85020.1 s.
Adding window from 85020.1 to 85140.1 s.
Adding window from 85140.1 to 85260.1 s.
Adding window from 85260.1 to 85380.1 s.
Adding window from 85380.1 to 85500.1 s.
Adding window from 85500.1 to 85620.1 s.
Adding window from 85620.2 to 85740.2 s.
Adding window from 85740.2 to 85860.2 s.
Adding window from 85860.2 to 85980.2 s.
Adding window from 85980.2 to 86100.2 s.
Adding window from 86100.2 to 86220.2 s.
Frequency 17/30 4.59365
Min Window length 120 seconds
Max Window length 120 seconds
 21 Time windows
Adding window from 83700 to 83820 s.
Adding window from 83820 to 83940 s.
Adding window from 83940 to 84060 s.
Adding window from 84060 to 84180 s.
Adding window from 84180 to 84300 s.
Adding window from 84300.1 to 84420.1 s.
Adding window from 84420.1 to 84540.1 s.
Adding window from 84540.1 to 84660.1 s.
Adding window from 84660.1 to 84780.1 s.
Adding window from 84780.1 to 84900.1 s.
Adding window from 84900.1 to 85020.1 s.
Adding window from 85020.1 to 85140.1 s.
Adding window from 85140.1 to 85260.1 s.
Adding window from 85260.1 to 85380.1 s.
Adding window from 85380.1 to 85500.1 s.
Adding window from 85500.1 to 85620.1 s.
Adding window from 85620.2 to 85740.2 s.
Adding window from 85740.2 to 85860.2 s.
Adding window from 85860.2 to 85980.2 s.
Adding window from 85980.2 to 86100.2 s.
Adding window from 86100.2 to 86220.2 s.
Frequency 18/30 4.08529
Min Window length 120 seconds
Max Window length 120 seconds
 21 Time windows
Adding window from 83700 to 83820 s.
Adding window from 83820 to 83940 s.
Adding window from 83940 to 84060 s.
Adding window from 84060 to 84180 s.
Adding window from 84180 to 84300 s.
Adding window from 84300.1 to 84420.1 s.
Adding window from 84420.1 to 84540.1 s.
Adding window from 84540.1 to 84660.1 s.
Adding window from 84660.1 to 84780.1 s.
Adding window from 84780.1 to 84900.1 s.
Adding window from 84900.1 to 85020.1 s.
Adding window from 85020.1 to 85140.1 s.
Adding window from 85140.1 to 85260.1 s.
Adding window from 85260.1 to 85380.1 s.
Adding window from 85380.1 to 85500.1 s.
Adding window from 85500.1 to 85620.1 s.
Adding window from 85620.2 to 85740.2 s.
Adding window from 85740.2 to 85860.2 s.
Adding window from 85860.2 to 85980.2 s.
Adding window from 85980.2 to 86100.2 s.
Adding window from 86100.2 to 86220.2 s.
Frequency 19/30 3.63318
Min Window length 120 seconds
Max Window length 120 seconds
 21 Time windows
Adding window from 83700 to 83820 s.
Adding window from 83820 to 83940 s.
Adding window from 83940 to 84060 s.
Adding window from 84060 to 84180 s.
Adding window from 84180 to 84300 s.
Adding window from 84300.1 to 84420.1 s.
Adding window from 84420.1 to 84540.1 s.
Adding window from 84540.1 to 84660.1 s.
Adding window from 84660.1 to 84780.1 s.
Adding window from 84780.1 to 84900.1 s.
Adding window from 84900.1 to 85020.1 s.
Adding window from 85020.1 to 85140.1 s.
Adding window from 85140.1 to 85260.1 s.
Adding window from 85260.1 to 85380.1 s.
Adding window from 85380.1 to 85500.1 s.
Adding window from 85500.1 to 85620.1 s.
Adding window from 85620.2 to 85740.2 s.
Adding window from 85740.2 to 85860.2 s.
Adding window from 85860.2 to 85980.2 s.
Adding window from 85980.2 to 86100.2 s.
Adding window from 86100.2 to 86220.2 s.
Frequency 20/30 3.23111
Min Window length 120 seconds
Max Window length 120 seconds
 21 Time windows
Adding window from 83700 to 83820 s.
Adding window from 83820 to 83940 s.
Adding window from 83940 to 84060 s.
Adding window from 84060 to 84180 s.
Adding window from 84180 to 84300 s.
Adding window from 84300.1 to 84420.1 s.
Adding window from 84420.1 to 84540.1 s.
Adding window from 84540.1 to 84660.1 s.
Adding window from 84660.1 to 84780.1 s.
Adding window from 84780.1 to 84900.1 s.
Adding window from 84900.1 to 85020.1 s.
Adding window from 85020.1 to 85140.1 s.
Adding window from 85140.1 to 85260.1 s.
Adding window from 85260.1 to 85380.1 s.
Adding window from 85380.1 to 85500.1 s.
Adding window from 85500.1 to 85620.1 s.
Adding window from 85620.2 to 85740.2 s.
Adding window from 85740.2 to 85860.2 s.
Adding window from 85860.2 to 85980.2 s.
Adding window from 85980.2 to 86100.2 s.
Adding window from 86100.2 to 86220.2 s.
Frequency 21/30 2.87354
Min Window length 120 seconds
Max Window length 120 seconds
 21 Time windows
Adding window from 83700 to 83820 s.
Adding window from 83820 to 83940 s.
Adding window from 83940 to 84060 s.
Adding window from 84060 to 84180 s.
Adding window from 84180 to 84300 s.
Adding window from 84300.1 to 84420.1 s.
Adding window from 84420.1 to 84540.1 s.
Adding window from 84540.1 to 84660.1 s.
Adding window from 84660.1 to 84780.1 s.
Adding window from 84780.1 to 84900.1 s.
Adding window from 84900.1 to 85020.1 s.
Adding window from 85020.1 to 85140.1 s.
Adding window from 85140.1 to 85260.1 s.
Adding window from 85260.1 to 85380.1 s.
Adding window from 85380.1 to 85500.1 s.
Adding window from 85500.1 to 85620.1 s.
Adding window from 85620.2 to 85740.2 s.
Adding window from 85740.2 to 85860.2 s.
Adding window from 85860.2 to 85980.2 s.
Adding window from 85980.2 to 86100.2 s.
Adding window from 86100.2 to 86220.2 s.
Frequency 22/30 2.55553
Min Window length 120 seconds
Max Window length 120 seconds
 21 Time windows
Adding window from 83700 to 83820 s.
Adding window from 83820 to 83940 s.
Adding window from 83940 to 84060 s.
Adding window from 84060 to 84180 s.
Adding window from 84180 to 84300 s.
Adding window from 84300.1 to 84420.1 s.
Adding window from 84420.1 to 84540.1 s.
Adding window from 84540.1 to 84660.1 s.
Adding window from 84660.1 to 84780.1 s.
Adding window from 84780.1 to 84900.1 s.
Adding window from 84900.1 to 85020.1 s.
Adding window from 85020.1 to 85140.1 s.
Adding window from 85140.1 to 85260.1 s.
Adding window from 85260.1 to 85380.1 s.
Adding window from 85380.1 to 85500.1 s.
Adding window from 85500.1 to 85620.1 s.
Adding window from 85620.2 to 85740.2 s.
Adding window from 85740.2 to 85860.2 s.
Adding window from 85860.2 to 85980.2 s.
Adding window from 85980.2 to 86100.2 s.
Adding window from 86100.2 to 86220.2 s.
Frequency 23/30 2.27272
Min Window length 120 seconds
Max Window length 120 seconds
 21 Time windows
Adding window from 83700 to 83820 s.
Adding window from 83820 to 83940 s.
Adding window from 83940 to 84060 s.
Adding window from 84060 to 84180 s.
Adding window from 84180 to 84300 s.
Adding window from 84300.1 to 84420.1 s.
Adding window from 84420.1 to 84540.1 s.
Adding window from 84540.1 to 84660.1 s.
Adding window from 84660.1 to 84780.1 s.
Adding window from 84780.1 to 84900.1 s.
Adding window from 84900.1 to 85020.1 s.
Adding window from 85020.1 to 85140.1 s.
Adding window from 85140.1 to 85260.1 s.
Adding window from 85260.1 to 85380.1 s.
Adding window from 85380.1 to 85500.1 s.
Adding window from 85500.1 to 85620.1 s.
Adding window from 85620.2 to 85740.2 s.
Adding window from 85740.2 to 85860.2 s.
Adding window from 85860.2 to 85980.2 s.
Adding window from 85980.2 to 86100.2 s.
Adding window from 86100.2 to 86220.2 s.
Frequency 24/30 2.02121
Min Window length 120 seconds
Max Window length 120 seconds
 21 Time windows
Adding window from 83700 to 83820 s.
Adding window from 83820 to 83940 s.
Adding window from 83940 to 84060 s.
Adding window from 84060 to 84180 s.
Adding window from 84180 to 84300 s.
Adding window from 84300.1 to 84420.1 s.
Adding window from 84420.1 to 84540.1 s.
Adding window from 84540.1 to 84660.1 s.
Adding window from 84660.1 to 84780.1 s.
Adding window from 84780.1 to 84900.1 s.
Adding window from 84900.1 to 85020.1 s.
Adding window from 85020.1 to 85140.1 s.
Adding window from 85140.1 to 85260.1 s.
Adding window from 85260.1 to 85380.1 s.
Adding window from 85380.1 to 85500.1 s.
Adding window from 85500.1 to 85620.1 s.
Adding window from 85620.2 to 85740.2 s.
Adding window from 85740.2 to 85860.2 s.
Adding window from 85860.2 to 85980.2 s.
Adding window from 85980.2 to 86100.2 s.
Adding window from 86100.2 to 86220.2 s.
Frequency 25/30 1.79753
Min Window length 120 seconds
Max Window length 120 seconds
 21 Time windows
Adding window from 83700 to 83820 s.
Adding window from 83820 to 83940 s.
Adding window from 83940 to 84060 s.
Adding window from 84060 to 84180 s.
Adding window from 84180 to 84300 s.
Adding window from 84300.1 to 84420.1 s.
Adding window from 84420.1 to 84540.1 s.
Adding window from 84540.1 to 84660.1 s.
Adding window from 84660.1 to 84780.1 s.
Adding window from 84780.1 to 84900.1 s.
Adding window from 84900.1 to 85020.1 s.
Adding window from 85020.1 to 85140.1 s.
Adding window from 85140.1 to 85260.1 s.
Adding window from 85260.1 to 85380.1 s.
Adding window from 85380.1 to 85500.1 s.
Adding window from 85500.1 to 85620.1 s.
Adding window from 85620.2 to 85740.2 s.
Adding window from 85740.2 to 85860.2 s.
Adding window from 85860.2 to 85980.2 s.
Adding window from 85980.2 to 86100.2 s.
Adding window from 86100.2 to 86220.2 s.
Frequency 26/30 1.5986
Min Window length 120 seconds
Max Window length 120 seconds
 21 Time windows
Adding window from 83700 to 83820 s.
Adding window from 83820 to 83940 s.
Adding window from 83940 to 84060 s.
Adding window from 84060 to 84180 s.
Adding window from 84180 to 84300 s.
Adding window from 84300.1 to 84420.1 s.
Adding window from 84420.1 to 84540.1 s.
Adding window from 84540.1 to 84660.1 s.
Adding window from 84660.1 to 84780.1 s.
Adding window from 84780.1 to 84900.1 s.
Adding window from 84900.1 to 85020.1 s.
Adding window from 85020.1 to 85140.1 s.
Adding window from 85140.1 to 85260.1 s.
Adding window from 85260.1 to 85380.1 s.
Adding window from 85380.1 to 85500.1 s.
Adding window from 85500.1 to 85620.1 s.
Adding window from 85620.2 to 85740.2 s.
Adding window from 85740.2 to 85860.2 s.
Adding window from 85860.2 to 85980.2 s.
Adding window from 85980.2 to 86100.2 s.
Adding window from 86100.2 to 86220.2 s.
Frequency 27/30 1.42169
Min Window length 120 seconds
Max Window length 120 seconds
 21 Time windows
Adding window from 83700 to 83820 s.
Adding window from 83820 to 83940 s.
Adding window from 83940 to 84060 s.
Adding window from 84060 to 84180 s.
Adding window from 84180 to 84300 s.
Adding window from 84300.1 to 84420.1 s.
Adding window from 84420.1 to 84540.1 s.
Adding window from 84540.1 to 84660.1 s.
Adding window from 84660.1 to 84780.1 s.
Adding window from 84780.1 to 84900.1 s.
Adding window from 84900.1 to 85020.1 s.
Adding window from 85020.1 to 85140.1 s.
Adding window from 85140.1 to 85260.1 s.
Adding window from 85260.1 to 85380.1 s.
Adding window from 85380.1 to 85500.1 s.
Adding window from 85500.1 to 85620.1 s.
Adding window from 85620.2 to 85740.2 s.
Adding window from 85740.2 to 85860.2 s.
Adding window from 85860.2 to 85980.2 s.
Adding window from 85980.2 to 86100.2 s.
Adding window from 86100.2 to 86220.2 s.
Frequency 28/30 1.26436
Min Window length 120 seconds
Max Window length 120 seconds
 21 Time windows
Adding window from 83700 to 83820 s.
Adding window from 83820 to 83940 s.
Adding window from 83940 to 84060 s.
Adding window from 84060 to 84180 s.
Adding window from 84180 to 84300 s.
Adding window from 84300.1 to 84420.1 s.
Adding window from 84420.1 to 84540.1 s.
Adding window from 84540.1 to 84660.1 s.
Adding window from 84660.1 to 84780.1 s.
Adding window from 84780.1 to 84900.1 s.
Adding window from 84900.1 to 85020.1 s.
Adding window from 85020.1 to 85140.1 s.
Adding window from 85140.1 to 85260.1 s.
Adding window from 85260.1 to 85380.1 s.
Adding window from 85380.1 to 85500.1 s.
Adding window from 85500.1 to 85620.1 s.
Adding window from 85620.2 to 85740.2 s.
Adding window from 85740.2 to 85860.2 s.
Adding window from 85860.2 to 85980.2 s.
Adding window from 85980.2 to 86100.2 s.
Adding window from 86100.2 to 86220.2 s.
Frequency 29/30 1.12444
Min Window length 120 seconds
Max Window length 120 seconds
 21 Time windows
Adding window from 83700 to 83820 s.
Adding window from 83820 to 83940 s.
Adding window from 83940 to 84060 s.
Adding window from 84060 to 84180 s.
Adding window from 84180 to 84300 s.
Adding window from 84300.1 to 84420.1 s.
Adding window from 84420.1 to 84540.1 s.
Adding window from 84540.1 to 84660.1 s.
Adding window from 84660.1 to 84780.1 s.
Adding window from 84780.1 to 84900.1 s.
Adding window from 84900.1 to 85020.1 s.
Adding window from 85020.1 to 85140.1 s.
Adding window from 85140.1 to 85260.1 s.
Adding window from 85260.1 to 85380.1 s.
Adding window from 85380.1 to 85500.1 s.
Adding window from 85500.1 to 85620.1 s.
Adding window from 85620.2 to 85740.2 s.
Adding window from 85740.2 to 85860.2 s.
Adding window from 85860.2 to 85980.2 s.
Adding window from 85980.2 to 86100.2 s.
Adding window from 86100.2 to 86220.2 s.
Frequency 30/30 1
Min Window length 120 seconds
Max Window length 120 seconds
 21 Time windows
Process run in 00:00:07
Process ended at 2021-01-27 15:17:26
### End Process Log ###
